<?xml version="1.0" encoding="UTF-8"?>
<testsuite xmlns:xsi="http://www.w3.org/2001/XMLSchema-instance" xsi:noNamespaceSchemaLocation="https://maven.apache.org/surefire/maven-surefire-plugin/xsd/surefire-test-report-3.0.xsd" version="3.0" name="org.bpmnparser.ModelParserTest" time="1.525" tests="9" errors="0" skipped="0" failures="0">
  <properties>
    <property name="java.specification.version" value="23"/>
    <property name="sun.cpu.isalist" value="amd64"/>
    <property name="sun.jnu.encoding" value="Cp1252"/>
    <property name="java.class.path" value="C:\Users\jeferson.ferreira.SONDA_USUARIOS\IdeaProjects\bpmn-model-parser\target\test-classes;C:\Users\jeferson.ferreira.SONDA_USUARIOS\IdeaProjects\bpmn-model-parser\target\classes;C:\Users\jeferson.ferreira.SONDA_USUARIOS\.m2\repository\org\junit\jupiter\junit-jupiter\5.11.3\junit-jupiter-5.11.3.jar;C:\Users\jeferson.ferreira.SONDA_USUARIOS\.m2\repository\org\junit\jupiter\junit-jupiter-api\5.11.3\junit-jupiter-api-5.11.3.jar;C:\Users\jeferson.ferreira.SONDA_USUARIOS\.m2\repository\org\opentest4j\opentest4j\1.3.0\opentest4j-1.3.0.jar;C:\Users\jeferson.ferreira.SONDA_USUARIOS\.m2\repository\org\junit\platform\junit-platform-commons\1.11.3\junit-platform-commons-1.11.3.jar;C:\Users\jeferson.ferreira.SONDA_USUARIOS\.m2\repository\org\apiguardian\apiguardian-api\1.1.2\apiguardian-api-1.1.2.jar;C:\Users\jeferson.ferreira.SONDA_USUARIOS\.m2\repository\org\junit\jupiter\junit-jupiter-params\5.11.3\junit-jupiter-params-5.11.3.jar;C:\Users\jeferson.ferreira.SONDA_USUARIOS\.m2\repository\org\junit\jupiter\junit-jupiter-engine\5.11.3\junit-jupiter-engine-5.11.3.jar;C:\Users\jeferson.ferreira.SONDA_USUARIOS\.m2\repository\org\junit\platform\junit-platform-engine\1.11.3\junit-platform-engine-1.11.3.jar;C:\Users\jeferson.ferreira.SONDA_USUARIOS\.m2\repository\org\camunda\bpm\model\camunda-bpmn-model\7.23.0-alpha1\camunda-bpmn-model-7.23.0-alpha1.jar;C:\Users\jeferson.ferreira.SONDA_USUARIOS\.m2\repository\org\camunda\bpm\model\camunda-xml-model\7.23.0-alpha1\camunda-xml-model-7.23.0-alpha1.jar;C:\Users\jeferson.ferreira.SONDA_USUARIOS\.m2\repository\org\projectlombok\lombok\1.18.30\lombok-1.18.30.jar;C:\Users\jeferson.ferreira.SONDA_USUARIOS\.m2\repository\org\yaml\snakeyaml\2.0\snakeyaml-2.0.jar;"/>
    <property name="java.vm.vendor" value="Oracle Corporation"/>
    <property name="sun.arch.data.model" value="64"/>
    <property name="user.variant" value=""/>
    <property name="java.vendor.url" value="https://java.oracle.com/"/>
    <property name="user.timezone" value="America/Sao_Paulo"/>
    <property name="os.name" value="Windows 10"/>
    <property name="java.vm.specification.version" value="23"/>
    <property name="sun.java.launcher" value="SUN_STANDARD"/>
    <property name="user.country" value="BR"/>
    <property name="sun.boot.library.path" value="C:\Program Files\Java\jdk-23\bin"/>
    <property name="sun.java.command" value="C:\Users\jeferson.ferreira.SONDA_USUARIOS\AppData\Local\Temp\surefire1852981633675216725\surefirebooter-20250221073728164_3.jar C:\Users\jeferson.ferreira.SONDA_USUARIOS\AppData\Local\Temp\surefire1852981633675216725 2025-02-21T07-37-27_544-jvmRun1 surefire-20250221073728164_1tmp surefire_0-20250221073728164_2tmp"/>
    <property name="jdk.debug" value="release"/>
    <property name="surefire.test.class.path" value="C:\Users\jeferson.ferreira.SONDA_USUARIOS\IdeaProjects\bpmn-model-parser\target\test-classes;C:\Users\jeferson.ferreira.SONDA_USUARIOS\IdeaProjects\bpmn-model-parser\target\classes;C:\Users\jeferson.ferreira.SONDA_USUARIOS\.m2\repository\org\junit\jupiter\junit-jupiter\5.11.3\junit-jupiter-5.11.3.jar;C:\Users\jeferson.ferreira.SONDA_USUARIOS\.m2\repository\org\junit\jupiter\junit-jupiter-api\5.11.3\junit-jupiter-api-5.11.3.jar;C:\Users\jeferson.ferreira.SONDA_USUARIOS\.m2\repository\org\opentest4j\opentest4j\1.3.0\opentest4j-1.3.0.jar;C:\Users\jeferson.ferreira.SONDA_USUARIOS\.m2\repository\org\junit\platform\junit-platform-commons\1.11.3\junit-platform-commons-1.11.3.jar;C:\Users\jeferson.ferreira.SONDA_USUARIOS\.m2\repository\org\apiguardian\apiguardian-api\1.1.2\apiguardian-api-1.1.2.jar;C:\Users\jeferson.ferreira.SONDA_USUARIOS\.m2\repository\org\junit\jupiter\junit-jupiter-params\5.11.3\junit-jupiter-params-5.11.3.jar;C:\Users\jeferson.ferreira.SONDA_USUARIOS\.m2\repository\org\junit\jupiter\junit-jupiter-engine\5.11.3\junit-jupiter-engine-5.11.3.jar;C:\Users\jeferson.ferreira.SONDA_USUARIOS\.m2\repository\org\junit\platform\junit-platform-engine\1.11.3\junit-platform-engine-1.11.3.jar;C:\Users\jeferson.ferreira.SONDA_USUARIOS\.m2\repository\org\camunda\bpm\model\camunda-bpmn-model\7.23.0-alpha1\camunda-bpmn-model-7.23.0-alpha1.jar;C:\Users\jeferson.ferreira.SONDA_USUARIOS\.m2\repository\org\camunda\bpm\model\camunda-xml-model\7.23.0-alpha1\camunda-xml-model-7.23.0-alpha1.jar;C:\Users\jeferson.ferreira.SONDA_USUARIOS\.m2\repository\org\projectlombok\lombok\1.18.30\lombok-1.18.30.jar;C:\Users\jeferson.ferreira.SONDA_USUARIOS\.m2\repository\org\yaml\snakeyaml\2.0\snakeyaml-2.0.jar;"/>
    <property name="sun.cpu.endian" value="little"/>
    <property name="user.home" value="C:\Users\jeferson.ferreira.SONDA_USUARIOS"/>
    <property name="user.language" value="pt"/>
    <property name="java.specification.vendor" value="Oracle Corporation"/>
    <property name="java.version.date" value="2025-01-21"/>
    <property name="java.home" value="C:\Program Files\Java\jdk-23"/>
    <property name="file.separator" value="\"/>
    <property name="basedir" value="C:\Users\jeferson.ferreira.SONDA_USUARIOS\IdeaProjects\bpmn-model-parser"/>
    <property name="java.vm.compressedOopsMode" value="Zero based"/>
    <property name="line.separator" value="&#10;"/>
    <property name="java.vm.specification.vendor" value="Oracle Corporation"/>
    <property name="java.specification.name" value="Java Platform API Specification"/>
    <property name="surefire.real.class.path" value="C:\Users\jeferson.ferreira.SONDA_USUARIOS\AppData\Local\Temp\surefire1852981633675216725\surefirebooter-20250221073728164_3.jar"/>
    <property name="user.script" value=""/>
    <property name="sun.management.compiler" value="HotSpot 64-Bit Tiered Compilers"/>
    <property name="java.runtime.version" value="23.0.2+7-58"/>
    <property name="user.name" value="jeferson.ferreira"/>
    <property name="stdout.encoding" value="Cp1252"/>
    <property name="path.separator" value=";"/>
    <property name="os.version" value="10.0"/>
    <property name="java.runtime.name" value="Java(TM) SE Runtime Environment"/>
    <property name="file.encoding" value="UTF-8"/>
    <property name="java.vm.name" value="Java HotSpot(TM) 64-Bit Server VM"/>
    <property name="localRepository" value="C:\Users\jeferson.ferreira.SONDA_USUARIOS\.m2\repository"/>
    <property name="java.vendor.url.bug" value="https://bugreport.java.com/bugreport/"/>
    <property name="java.io.tmpdir" value="C:\Users\JEFERS~1.SON\AppData\Local\Temp\"/>
    <property name="idea.version" value="2024.3.3"/>
    <property name="java.version" value="23.0.2"/>
    <property name="user.dir" value="C:\Users\jeferson.ferreira.SONDA_USUARIOS\IdeaProjects\bpmn-model-parser"/>
    <property name="os.arch" value="amd64"/>
    <property name="java.vm.specification.name" value="Java Virtual Machine Specification"/>
    <property name="sun.os.patch.level" value=""/>
    <property name="native.encoding" value="Cp1252"/>
    <property name="java.library.path" value="C:\Program Files\Java\jdk-23\bin;C:\windows\Sun\Java\bin;C:\windows\system32;C:\windows;C:\Program Files\Common Files\Oracle\Java\javapath;C:\windows\system32;C:\windows;C:\windows\System32\Wbem;C:\windows\System32\WindowsPowerShell\v1.0\;C:\windows\System32\OpenSSH\;C:\Program Files\TortoiseSVN\bin;C:\Projetos\CS2\PL-SQL Parser\javacc\scripts;C:\Program Files\Microsoft SQL Server\150\Tools\Binn\;c:\Program Files (x86)\Intel\Intel(R) Management Engine Components\DAL;c:\Program Files\Intel\Intel(R) Management Engine Components\DAL;C:\dev_java\jdk-11\bin;C:\Aplicativos\apache-maven-3.9.2\bin;C:\Program Files\PuTTY\;C:\Program Files\Git\cmd;C:\Program Files\Git\mingw64\bin;C:\Program Files\Git\usr\bin;C:\oci-cli\bin;C:\Users\jeferson.ferreira.SONDA_USUARIOS\AppData\Local\Programs\Python\Python312\Scripts\;C:\Users\jeferson.ferreira.SONDA_USUARIOS\AppData\Local\Programs\Python\Python312\;C:\Users\jeferson.ferreira.SONDA_USUARIOS\AppData\Local\Programs\Python\Launcher\;C:\Users\jeferson.ferreira.SONDA_USUARIOS\AppData\Local\Microsoft\WindowsApps;C:\dev_java\jdk-11\bin.;."/>
    <property name="java.vm.info" value="mixed mode, sharing"/>
    <property name="stderr.encoding" value="Cp1252"/>
    <property name="java.vendor" value="Oracle Corporation"/>
    <property name="java.vm.version" value="23.0.2+7-58"/>
    <property name="sun.io.unicode.encoding" value="UnicodeLittle"/>
    <property name="java.class.version" value="67.0"/>
  </properties>
  <testcase name="test01" classname="org.bpmnparser.ModelParserTest" time="0.998">
    <system-out><![CDATA[Model 01: Workflow{name='null', id='null', version='null', documentation='null', type='null', subtype='null', stages=[], activities=[ActivityNode{abbreviation='ST-AC1', name='Task 1', conclusions=[]}, ActivityNode{abbreviation='ST-AC2', name='Task 2', conclusions=[]}], inconsistencies=[], rules=[WorkflowRule{type='1', source='null', target='ST-AC1', conclusion='null', processStatus='NEW'}, WorkflowRule{type='7', source='ST-AC2', target='null', conclusion='null', processStatus='END'}, WorkflowRule{type='2', source='ST-AC1', target='ST-AC2', conclusion='null', processStatus='null'}]}
]]></system-out>
  </testcase>
  <testcase name="test02" classname="org.bpmnparser.ModelParserTest" time="0.008"/>
  <testcase name="test03" classname="org.bpmnparser.ModelParserTest" time="0.007"/>
  <testcase name="test04" classname="org.bpmnparser.ModelParserTest" time="0.007"/>
  <testcase name="test05" classname="org.bpmnparser.ModelParserTest" time="0.142">
    <system-out><![CDATA[Model 02: Workflow{name='null', id='null', version='null', documentation='null', type='null', subtype='null', stages=[], activities=[], inconsistencies=[Inconsistency{type=10, description='Missing extension property 'stage' in element Activity_0giqqwu'}, Inconsistency{type=11, description='Missing extension property 'activity' in element Activity_0giqqwu'}, Inconsistency{type=12, description='Missing extension property 'process_status' in element Event_1j1iv9l'}, Inconsistency{type=12, description='Missing extension property 'process_status' in element StartEvent_1'}], rules=[]}
]]></system-out>
  </testcase>
  <testcase name="test06" classname="org.bpmnparser.ModelParserTest" time="0.146">
    <system-out><![CDATA[Model 03: Workflow{name='null', id='null', version='null', documentation='null', type='null', subtype='null', stages=[], activities=[ActivityNode{abbreviation='ST-AC1', name='Task 1', conclusions=[Conclusion{code='03', name='Conclusion 03'}, Conclusion{code='01', name='Conclusion 01'}, Conclusion{code='02', name='Conclusion 02'}]}, ActivityNode{abbreviation='ST-AC2', name='Task 2', conclusions=[]}], inconsistencies=[], rules=[WorkflowRule{type='1', source='null', target='ST-AC1', conclusion='null', processStatus='NEW'}, WorkflowRule{type='7', source='ST-AC2', target='null', conclusion='null', processStatus='END'}, WorkflowRule{type='5', source='ST-AC1', target='ST-AC1', conclusion='03', processStatus='null'}, WorkflowRule{type='5', source='ST-AC1', target='ST-AC2', conclusion='01', processStatus='null'}, WorkflowRule{type='8', source='ST-AC1', target='null', conclusion='02', processStatus='END'}]}
]]></system-out>
  </testcase>
  <testcase name="test07" classname="org.bpmnparser.ModelParserTest" time="0.005"/>
  <testcase name="test08" classname="org.bpmnparser.ModelParserTest" time="0.005"/>
  <testcase name="test09" classname="org.bpmnparser.ModelParserTest" time="0.103">
    <system-out><![CDATA[Model 04: Workflow{name='null', id='null', version='null', documentation='null', type='null', subtype='null', stages=[], activities=[ActivityNode{abbreviation='ST-AC1', name='Task 1', conclusions=[]}, ActivityNode{abbreviation='ST-AC2', name='Task 2', conclusions=[]}], inconsistencies=[Inconsistency{type=14, description='Missing extension property 'conclusion' in element Flow_0l9hopg'}, Inconsistency{type=14, description='Missing extension property 'conclusion' in element Flow_0g77gwm'}, Inconsistency{type=14, description='Missing extension property 'conclusion' in element Flow_0dlwvbu'}], rules=[WorkflowRule{type='1', source='null', target='ST-AC1', conclusion='null', processStatus='NEW'}, WorkflowRule{type='7', source='ST-AC2', target='null', conclusion='null', processStatus='END'}]}
]]></system-out>
  </testcase>
</testsuite>